\BOOKMARK [0][-]{chapter*.8}{\376\377\000G\000i\000r\000i\001\137}{}% 1
\BOOKMARK [0][-]{chapter.1}{\376\377\000C\000h\000a\000p\000t\000e\000r\000\040\0001\000:\000\040\000A\000k\000t\000i\000v\000i\000t\000e\000\040\000T\000a\000n\001\061\000m\000a}{}% 2
\BOOKMARK [1][-]{section.1.1}{\376\377\000A\000k\000t\000i\000v\000i\000t\000e}{chapter.1}% 3
\BOOKMARK [2][-]{subsection.1.1.1}{\376\377\000B\000a\000s\000i\000t\000\040\000A\000k\000t\000i\000v\000i\000t\000e}{section.1.1}% 4
\BOOKMARK [2][-]{subsection.1.1.2}{\376\377\000K\000a\000r\001\061\001\137\001\061\000k\000\040\000A\000k\000t\000i\000v\000i\000t\000e}{section.1.1}% 5
\BOOKMARK [2][-]{subsection.1.1.3}{\376\377\000A\000k\000t\000i\000v\000i\000t\000e\000\040\000T\000a\000n\001\061\000m\000a\000\040\000U\000y\000g\000u\000l\000a\000m\000a\000l\000a\000r\001\061}{section.1.1}% 6
\BOOKMARK [1][-]{section.1.2}{\376\377\000S\000e\000n\000s\000\366\000r}{chapter.1}% 7
\BOOKMARK [2][-]{subsection.1.2.1}{\376\377\000A\000k\000t\000i\000v\000i\000t\000e\000\040\000T\000a\000n\001\061\000m\000a\000d\000a\000\040\000K\000u\000l\000l\000a\000n\001\061\000l\000a\000n\000\040\000S\000e\000n\000s\000\366\000r\000l\000e\000r}{section.1.2}% 8
\BOOKMARK [2][-]{subsection.1.2.2}{\376\377\000A\000k\000t\000i\000v\000i\000t\000e\000\040\000T\000a\000n\001\061\000m\000a\000d\000a\000\040\000S\000e\000n\000s\000\366\000r\000\040\000K\000u\000l\000l\000a\000n\001\061\000m\001\061}{section.1.2}% 9
\BOOKMARK [0][-]{chapter.2}{\376\377\000C\000h\000a\000p\000t\000e\000r\000\040\0002\000:\000\040\000Y\000\326\000N\000T\000E\000M}{}% 10
\BOOKMARK [1][-]{section.2.1}{\376\377\000G\000e\000l\000e\000n\000e\000k\000s\000e\000l\000\040\000Y\000\366\000n\000t\000e\000m\000l\000e\000r}{chapter.2}% 11
\BOOKMARK [2][-]{subsection.2.1.1}{\376\377\000K\000\040\000E\000n\000\040\000Y\000a\000k\001\061\000n\000\040\000K\000o\000m\001\137\000u\000l\000a\000r\000\040\000A\000l\000g\000o\000r\000i\000t\000m\000a\000s\001\061}{section.2.1}% 12
\BOOKMARK [2][-]{subsection.2.1.2}{\376\377\000D\000e\000s\000t\000e\000k\000\040\000V\000e\000k\000t\000\366\000r\000\040\000M\000a\000k\000i\000n\000e\000s\000i}{section.2.1}% 13
\BOOKMARK [1][-]{section.2.2}{\376\377\000A\001\037\000a\000\347\000\040\000Y\000\366\000n\000t\000e\000m\000l\000e\000r\000i}{chapter.2}% 14
\BOOKMARK [2][-]{subsection.2.2.1}{\376\377\000R\000a\000s\000s\000a\000l\000\040\000O\000r\000m\000a\000n\000l\000a\000r\000\040\000\050\000R\000a\000n\000d\000o\000m\000\040\000F\000o\000r\000e\000s\000t\000\051}{section.2.2}% 15
\BOOKMARK [2][-]{subsection.2.2.2}{\376\377\000X\000G\000B\000o\000o\000s\000t}{section.2.2}% 16
\BOOKMARK [1][-]{section.2.3}{\376\377\000S\000i\000n\000i\000r\000\040\000A\001\037\000l\000a\000r\001\061\000\040\000Y\000\366\000n\000t\000e\000m\000l\000e\000r\000i}{chapter.2}% 17
\BOOKMARK [2][-]{subsection.2.3.1}{\376\377\000T\000e\000k\000r\000a\000r\000l\000a\000y\000a\000n\000\040\000S\000i\000n\000i\000r\000\040\000A\001\037\000l\000a\000r\001\061\000\040\000\050\000R\000e\000c\000u\000r\000r\000e\000n\000t\000\040\000N\000e\000u\000r\000a\000l\000\040\000N\000e\000t\000w\000o\000r\000k\000\051}{section.2.3}% 18
\BOOKMARK [2][-]{subsection.2.3.2}{\376\377\000E\000v\000r\000i\001\137\000i\000m\000l\000i\000\040\000S\000i\000n\000i\000r\000\040\000A\001\037\000l\000a\000r\001\061\000\040\000\050\000C\000o\000n\000v\000o\000l\000u\000t\000i\000o\000n\000a\000l\000\040\000N\000e\000u\000r\000a\000l\000\040\000N\000e\000t\000w\000o\000r\000k\000\051}{section.2.3}% 19
\BOOKMARK [1][-]{section.2.4}{\376\377\000M\000a\000k\000i\000n\000e\000\040\000\366\001\037\000r\000e\000n\000m\000e\000s\000i\000\040\000d\000e\001\037\000e\000r\000l\000e\000n\000d\000i\000r\000m\000e\000\040\000\366\000l\000\347\000\374\000t\000l\000e\000r\000i}{chapter.2}% 20
\BOOKMARK [0][-]{chapter.3}{\376\377\000C\000h\000a\000p\000t\000e\000r\000\040\0003\000:\000\040\000U\000Y\000G\000U\000L\000A\000M\000A}{}% 21
\BOOKMARK [1][-]{section.3.1}{\376\377\000U\000y\000g\000u\000l\000a\000m\000a}{chapter.3}% 22
\BOOKMARK [1][-]{section.3.2}{\376\377\000\307\000o\000k\000\040\000S\001\061\000n\001\061\000f\000l\001\061\000\040\000\050\000M\000u\000l\000t\000i\000c\000l\000a\000s\000s\000\051\000\040\000S\001\061\000n\001\061\000f\000l\000a\000m\000a\000\040\000P\000r\000o\000b\000l\000e\000m\000i}{chapter.3}% 23
\BOOKMARK [1][-]{section.3.3}{\376\377\000J\000i\000r\000o\000s\000k\000o\000p\000\040\000S\000e\000n\000s\000\366\000r\000\374\000n\000e\000\040\000A\000i\000t\000\040\000D\000e\001\037\000i\001\137\000k\000e\000n\000l\000e\000r\000\040\001\060\000l\000e\000\040\000M\000o\000d\000e\000l\000l\000e\000m\000e}{chapter.3}% 24
\BOOKMARK [2][-]{subsection.3.3.1}{\376\377\000K\000N\000N\000\040\000M\000o\000d\000e\000l\000i}{section.3.3}% 25
\BOOKMARK [2][-]{subsection.3.3.2}{\376\377\000R\000a\000s\000s\000a\000l\000\040\000O\000r\000m\000a\000n\000l\000a\000r\000\040\000M\000o\000d\000e\000l\000i}{section.3.3}% 26
\BOOKMARK [2][-]{subsection.3.3.3}{\376\377\000e\000X\000t\000r\000e\000m\000e\000\040\000G\000r\000a\000d\000i\000e\000n\000t\000\040\000B\000o\000o\000s\000t\000i\000n\000g\000\040\000\050\000X\000G\000B\000o\000o\000s\000t\000\051}{section.3.3}% 27
\BOOKMARK [2][-]{subsection.3.3.4}{\376\377\000D\000e\000s\000t\000e\000k\000\040\000V\000e\000k\000t\000\366\000r\000\040\000M\000a\000k\000i\000n\000e\000s\000i}{section.3.3}% 28
\BOOKMARK [2][-]{subsection.3.3.5}{\376\377\000Y\000a\000p\000a\000y\000\040\000S\000i\000n\000i\000r\000\040\000A\001\037\000l\000a\000r\001\061\000\040\000\050\000N\000e\000u\000r\000a\000l\000\040\000N\000e\000t\000w\000o\000r\000k\000s\000\051}{section.3.3}% 29
\BOOKMARK [1][-]{section.3.4}{\376\377\001\060\000v\000m\000e\000\040\000\326\000l\000\347\000e\000r\000\040\000S\000e\000n\000s\000\366\000r\000\374\000n\000e\000\040\000A\000i\000t\000\040\000D\000e\001\037\000i\001\137\000k\000e\000n\000l\000e\000r\000\040\001\060\000l\000e\000\040\000M\000o\000d\000e\000l\000l\000e\000m\000e}{chapter.3}% 30
\BOOKMARK [2][-]{subsection.3.4.1}{\376\377\000K\000-\000E\000n\000\040\000Y\000a\000k\001\061\000n\000\040\000K\000o\000m\001\137\000u\000l\000u\000k\000\040\000M\000o\000d\000e\000l\000i}{section.3.4}% 31
\BOOKMARK [2][-]{subsection.3.4.2}{\376\377\000R\000a\000s\000s\000a\000l\000\040\000O\000r\000m\000a\000n\000l\000a\000r\000\040\000M\000o\000d\000e\000l\000i}{section.3.4}% 32
\BOOKMARK [2][-]{subsection.3.4.3}{\376\377\000e\000X\000t\000r\000e\000m\000e\000\040\000G\000r\000a\000d\000i\000e\000n\000t\000\040\000B\000o\000o\000s\000t\000i\000n\000g\000\040\000\050\000X\000G\000B\000o\000o\000s\000t\000\051}{section.3.4}% 33
\BOOKMARK [2][-]{subsection.3.4.4}{\376\377\000D\000e\000s\000t\000e\000k\000\040\000V\000e\000k\000t\000\366\000r\000\040\000M\000a\000k\000i\000n\000e\000s\000i}{section.3.4}% 34
\BOOKMARK [2][-]{subsection.3.4.5}{\376\377\000Y\000a\000p\000a\000y\000\040\000S\000i\000n\000i\000r\000\040\000A\001\037\000l\000a\000r\001\061\000\040\000\050\000N\000e\000u\000r\000a\000l\000\040\000N\000e\000t\000w\000o\000r\000k\000s\000\051}{section.3.4}% 35
\BOOKMARK [1][-]{section.3.5}{\376\377\000J\000i\000r\000o\000s\000k\000o\000p\000\040\000v\000e\000\040\001\060\000v\000m\000e\000\040\000\326\000l\000\347\000e\000r\000\040\000S\000e\000n\000s\000\366\000r\000l\000e\000r\000i\000n\000e\000\040\000A\000i\000t\000\040\000D\000e\001\037\000i\001\137\000k\000e\000n\000l\000e\000r\000\040\001\060\000l\000e\000\040\000M\000o\000d\000e\000l\000l\000e\000m\000e}{chapter.3}% 36
\BOOKMARK [2][-]{subsection.3.5.1}{\376\377\000K\000-\000E\000n\000\040\000Y\000a\000k\001\061\000n\000\040\000K\000o\000m\001\137\000u\000l\000u\000k\000\040\000M\000o\000d\000e\000l\000i}{section.3.5}% 37
\BOOKMARK [2][-]{subsection.3.5.2}{\376\377\000R\000a\000s\000s\000a\000l\000\040\000O\000r\000m\000a\000n\000l\000a\000r\000\040\000M\000o\000d\000e\000l\000i}{section.3.5}% 38
\BOOKMARK [2][-]{subsection.3.5.3}{\376\377\000e\000X\000t\000r\000e\000m\000e\000\040\000G\000r\000a\000d\000i\000e\000n\000t\000\040\000B\000o\000o\000s\000t\000i\000n\000g\000\040\000\050\000X\000G\000B\000o\000o\000s\000t\000\051}{section.3.5}% 39
\BOOKMARK [2][-]{subsection.3.5.4}{\376\377\000D\000e\000s\000t\000e\000k\000\040\000V\000e\000k\000t\000\366\000r\000\040\000M\000a\000k\000i\000n\000e\000s\000i}{section.3.5}% 40
\BOOKMARK [2][-]{subsection.3.5.5}{\376\377\000Y\000a\000p\000a\000y\000\040\000S\000i\000n\000i\000r\000\040\000A\001\037\000l\000a\000r\001\061\000\040\000\050\000N\000e\000u\000r\000a\000l\000\040\000N\000e\000t\000w\000o\000r\000k\000s\000\051}{section.3.5}% 41
\BOOKMARK [0][-]{chapter.4}{\376\377\000C\000h\000a\000p\000t\000e\000r\000\040\0004\000:\000\040\000S\000o\000n\000u\000\347}{}% 42
\BOOKMARK [0][-]{chapter*.89}{\376\377\000K\000a\000y\000n\000a\000k\000l\000a\000r}{}% 43
